{"/home/samuel/Documentos/Api_Enquet/src/presentation/controllers/signup/signup.ts": {"path":"/home/samuel/Documentos/Api_Enquet/src/presentation/controllers/signup/signup.ts","statementMap":{"0":{"start":{"line":2,"column":0},"end":{"line":2,"column":73}},"1":{"start":{"line":4,"column":0},"end":{"line":4,"column":67}},"2":{"start":{"line":12,"column":2},"end":{"line":12,"column":39}},"3":{"start":{"line":13,"column":2},"end":{"line":13,"column":31}},"4":{"start":{"line":16,"column":2},"end":{"line":45,"column":null}},"5":{"start":{"line":17,"column":26},"end":{"line":22,"column":5}},"6":{"start":{"line":23,"column":3},"end":{"line":27,"column":null}},"7":{"start":{"line":24,"column":4},"end":{"line":26,"column":null}},"8":{"start":{"line":25,"column":5},"end":{"line":25,"column":53}},"9":{"start":{"line":28,"column":59},"end":{"line":28,"column":75}},"10":{"start":{"line":29,"column":3},"end":{"line":31,"column":null}},"11":{"start":{"line":30,"column":4},"end":{"line":30,"column":69}},"12":{"start":{"line":32,"column":19},"end":{"line":32,"column":53}},"13":{"start":{"line":33,"column":3},"end":{"line":35,"column":null}},"14":{"start":{"line":34,"column":4},"end":{"line":34,"column":54}},"15":{"start":{"line":36,"column":19},"end":{"line":40,"column":5}},"16":{"start":{"line":41,"column":3},"end":{"line":41,"column":22}},"17":{"start":{"line":43,"column":3},"end":{"line":43,"column":24}},"18":{"start":{"line":44,"column":3},"end":{"line":44,"column":24}},"19":{"start":{"line":7,"column":0},"end":{"line":7,"column":13}}},"fnMap":{"0":{"name":"(anonymous_0)","decl":{"start":{"line":11,"column":1},"end":{"line":11,"column":13}},"loc":{"start":{"line":11,"column":67},"end":{"line":14,"column":2}}},"1":{"name":"(anonymous_1)","decl":{"start":{"line":15,"column":1},"end":{"line":15,"column":6}},"loc":{"start":{"line":15,"column":38},"end":{"line":46,"column":2}}}},"branchMap":{"0":{"loc":{"start":{"line":24,"column":4},"end":{"line":26,"column":null}},"type":"if","locations":[{"start":{"line":24,"column":4},"end":{"line":26,"column":null}}]},"1":{"loc":{"start":{"line":29,"column":3},"end":{"line":31,"column":null}},"type":"if","locations":[{"start":{"line":29,"column":3},"end":{"line":31,"column":null}}]},"2":{"loc":{"start":{"line":33,"column":3},"end":{"line":35,"column":null}},"type":"if","locations":[{"start":{"line":33,"column":3},"end":{"line":35,"column":null}}]}},"s":{"0":1,"1":1,"2":11,"3":11,"4":11,"5":11,"6":11,"7":38,"8":4,"9":7,"10":7,"11":1,"12":6,"13":5,"14":1,"15":4,"16":3,"17":2,"18":2,"19":1},"f":{"0":11,"1":11},"b":{"0":[4],"1":[1],"2":[1]}}
,"/home/samuel/Documentos/Api_Enquet/src/presentation/controllers/signup/signupProtocools.ts": {"path":"/home/samuel/Documentos/Api_Enquet/src/presentation/controllers/signup/signupProtocools.ts","statementMap":{"0":{"start":{"line":1,"column":0},"end":{"line":1,"column":39}},"1":{"start":{"line":2,"column":0},"end":{"line":2,"column":48}},"2":{"start":{"line":3,"column":0},"end":{"line":3,"column":52}},"3":{"start":{"line":4,"column":0},"end":{"line":4,"column":47}}},"fnMap":{},"branchMap":{},"s":{"0":0,"1":0,"2":0,"3":0},"f":{},"b":{}}
,"/home/samuel/Documentos/Api_Enquet/src/presentation/erros/index.ts": {"path":"/home/samuel/Documentos/Api_Enquet/src/presentation/erros/index.ts","statementMap":{"0":{"start":{"line":1,"column":0},"end":{"line":1,"column":38}},"1":{"start":{"line":2,"column":0},"end":{"line":2,"column":38}},"2":{"start":{"line":3,"column":0},"end":{"line":3,"column":30}}},"fnMap":{},"branchMap":{},"s":{"0":1,"1":1,"2":1},"f":{},"b":{}}
,"/home/samuel/Documentos/Api_Enquet/src/presentation/erros/invalid-param-error.ts": {"path":"/home/samuel/Documentos/Api_Enquet/src/presentation/erros/invalid-param-error.ts","statementMap":{"0":{"start":{"line":3,"column":2},"end":{"line":3,"column":39}},"1":{"start":{"line":4,"column":2},"end":{"line":4,"column":34}},"2":{"start":{"line":1,"column":0},"end":{"line":1,"column":13}}},"fnMap":{"0":{"name":"(anonymous_0)","decl":{"start":{"line":2,"column":1},"end":{"line":2,"column":13}},"loc":{"start":{"line":2,"column":30},"end":{"line":5,"column":2}}}},"branchMap":{},"s":{"0":4,"1":4,"2":1},"f":{"0":4},"b":{}}
,"/home/samuel/Documentos/Api_Enquet/src/presentation/erros/missing-param-error.ts": {"path":"/home/samuel/Documentos/Api_Enquet/src/presentation/erros/missing-param-error.ts","statementMap":{"0":{"start":{"line":3,"column":2},"end":{"line":3,"column":39}},"1":{"start":{"line":4,"column":2},"end":{"line":4,"column":34}},"2":{"start":{"line":1,"column":0},"end":{"line":1,"column":13}}},"fnMap":{"0":{"name":"(anonymous_0)","decl":{"start":{"line":2,"column":1},"end":{"line":2,"column":13}},"loc":{"start":{"line":2,"column":30},"end":{"line":5,"column":2}}}},"branchMap":{},"s":{"0":8,"1":8,"2":1},"f":{"0":8},"b":{}}
,"/home/samuel/Documentos/Api_Enquet/src/presentation/erros/serverError.ts": {"path":"/home/samuel/Documentos/Api_Enquet/src/presentation/erros/serverError.ts","statementMap":{"0":{"start":{"line":3,"column":2},"end":{"line":3,"column":33}},"1":{"start":{"line":4,"column":2},"end":{"line":4,"column":28}},"2":{"start":{"line":1,"column":0},"end":{"line":1,"column":13}}},"fnMap":{"0":{"name":"(anonymous_0)","decl":{"start":{"line":2,"column":1},"end":{"line":2,"column":null}},"loc":{"start":{"line":2,"column":1},"end":{"line":5,"column":2}}}},"branchMap":{},"s":{"0":4,"1":4,"2":1},"f":{"0":4},"b":{}}
,"/home/samuel/Documentos/Api_Enquet/src/presentation/helpers/http-helpers.ts": {"path":"/home/samuel/Documentos/Api_Enquet/src/presentation/helpers/http-helpers.ts","statementMap":{"0":{"start":{"line":1,"column":0},"end":{"line":1,"column":39}},"1":{"start":{"line":4,"column":26},"end":{"line":7,"column":2}},"2":{"start":{"line":4,"column":59},"end":{"line":7,"column":2}},"3":{"start":{"line":4,"column":13},"end":{"line":4,"column":26}},"4":{"start":{"line":8,"column":27},"end":{"line":11,"column":2}},"5":{"start":{"line":8,"column":48},"end":{"line":11,"column":2}},"6":{"start":{"line":8,"column":13},"end":{"line":8,"column":27}},"7":{"start":{"line":12,"column":18},"end":{"line":15,"column":2}},"8":{"start":{"line":12,"column":48},"end":{"line":15,"column":2}},"9":{"start":{"line":12,"column":13},"end":{"line":12,"column":18}}},"fnMap":{"0":{"name":"(anonymous_0)","decl":{"start":{"line":4,"column":26},"end":{"line":4,"column":27}},"loc":{"start":{"line":4,"column":59},"end":{"line":7,"column":2}}},"1":{"name":"(anonymous_1)","decl":{"start":{"line":8,"column":27},"end":{"line":8,"column":44}},"loc":{"start":{"line":8,"column":48},"end":{"line":11,"column":2}}},"2":{"name":"(anonymous_2)","decl":{"start":{"line":12,"column":18},"end":{"line":12,"column":19}},"loc":{"start":{"line":12,"column":48},"end":{"line":15,"column":2}}}},"branchMap":{},"s":{"0":1,"1":1,"2":6,"3":1,"4":1,"5":2,"6":1,"7":1,"8":3,"9":1},"f":{"0":6,"1":2,"2":3},"b":{}}
,"/home/samuel/Documentos/Api_Enquet/src/presentation/protocools/index.ts": {"path":"/home/samuel/Documentos/Api_Enquet/src/presentation/protocools/index.ts","statementMap":{"0":{"start":{"line":1,"column":0},"end":{"line":1,"column":29}},"1":{"start":{"line":2,"column":0},"end":{"line":2,"column":23}}},"fnMap":{},"branchMap":{},"s":{"0":0,"1":0},"f":{},"b":{}}
}
